ARM GAS  C:\Users\ashgr\AppData\Local\Temp\ccfTAqOn.s 			page 1


   1              		.cpu cortex-m7
   2              		.eabi_attribute 28, 1
   3              		.eabi_attribute 20, 1
   4              		.eabi_attribute 21, 1
   5              		.eabi_attribute 23, 3
   6              		.eabi_attribute 24, 1
   7              		.eabi_attribute 25, 1
   8              		.eabi_attribute 26, 1
   9              		.eabi_attribute 30, 2
  10              		.eabi_attribute 34, 1
  11              		.eabi_attribute 18, 4
  12              		.file	"phase-casserole.cpp"
  13              		.text
  14              		.section	.text._ZN5daisy9ParameterD2Ev,"axG",%progbits,_ZN5daisy9ParameterD5Ev,comdat
  15              		.align	1
  16              		.p2align 2,,3
  17              		.weak	_ZN5daisy9ParameterD2Ev
  18              		.arch armv7e-m
  19              		.syntax unified
  20              		.thumb
  21              		.thumb_func
  22              		.fpu fpv5-d16
  24              	_ZN5daisy9ParameterD2Ev:
  25              		@ args = 0, pretend = 0, frame = 0
  26              		@ frame_needed = 0, uses_anonymous_args = 0
  27              		@ link register save eliminated.
  28 0000 7047     		bx	lr
  30              		.weak	_ZN5daisy9ParameterD1Ev
  31              		.thumb_set _ZN5daisy9ParameterD1Ev,_ZN5daisy9ParameterD2Ev
  32 0002 00BF     		.section	.text._ZN5daisy8DaisyPodD2Ev,"axG",%progbits,_ZN5daisy8DaisyPodD5Ev,comdat
  33              		.align	1
  34              		.p2align 2,,3
  35              		.weak	_ZN5daisy8DaisyPodD2Ev
  36              		.syntax unified
  37              		.thumb
  38              		.thumb_func
  39              		.fpu fpv5-d16
  41              	_ZN5daisy8DaisyPodD2Ev:
  42              		@ args = 0, pretend = 0, frame = 0
  43              		@ frame_needed = 0, uses_anonymous_args = 0
  44              		@ link register save eliminated.
  45 0000 7047     		bx	lr
  47              		.weak	_ZN5daisy8DaisyPodD1Ev
  48              		.thumb_set _ZN5daisy8DaisyPodD1Ev,_ZN5daisy8DaisyPodD2Ev
  49 0002 00BF     		.section	.text._ZN7daisysp2PDD2Ev,"axG",%progbits,_ZN7daisysp2PDD5Ev,comdat
  50              		.align	1
  51              		.p2align 2,,3
  52              		.weak	_ZN7daisysp2PDD2Ev
  53              		.syntax unified
  54              		.thumb
  55              		.thumb_func
  56              		.fpu fpv5-d16
  58              	_ZN7daisysp2PDD2Ev:
  59              		@ args = 0, pretend = 0, frame = 0
  60              		@ frame_needed = 0, uses_anonymous_args = 0
  61              		@ link register save eliminated.
  62 0000 7047     		bx	lr
ARM GAS  C:\Users\ashgr\AppData\Local\Temp\ccfTAqOn.s 			page 2


  64              		.weak	_ZN7daisysp2PDD1Ev
  65              		.thumb_set _ZN7daisysp2PDD1Ev,_ZN7daisysp2PDD2Ev
  66 0002 00BF     		.section	.text._Z13AudioCallbackPPfS0_j,"ax",%progbits
  67              		.align	1
  68              		.p2align 2,,3
  69              		.global	_Z13AudioCallbackPPfS0_j
  70              		.syntax unified
  71              		.thumb
  72              		.thumb_func
  73              		.fpu fpv5-d16
  75              	_Z13AudioCallbackPPfS0_j:
  76              		@ args = 0, pretend = 0, frame = 0
  77              		@ frame_needed = 0, uses_anonymous_args = 0
  78 0000 2DE9F041 		push	{r4, r5, r6, r7, r8, lr}
  79 0004 1A48     		ldr	r0, .L13
  80 0006 0E46     		mov	r6, r1
  81 0008 9046     		mov	r8, r2
  82 000a FFF7FEFF 		bl	_ZN5daisy9Parameter7ProcessEv
  83 000e F0EE407A 		vmov.f32	s15, s0
  84 0012 9FED187A 		vldr.32	s14, .L13+4
  85 0016 F2EE080A 		vmov.f32	s1, #1.2e+1
  86 001a 174C     		ldr	r4, .L13+8
  87 001c B0EE000A 		vmov.f32	s0, #2.0e+0
  88 0020 77EEC77A 		vsub.f32	s15, s15, s14
  89 0024 C7EEA00A 		vdiv.f32	s1, s15, s1
  90 0028 FFF7FEFF 		bl	powf
  91 002c DFED137A 		vldr.32	s15, .L13+12
  92 0030 2046     		mov	r0, r4
  93 0032 20EE270A 		vmul.f32	s0, s0, s15
  94 0036 84ED020A 		vstr.32	s0, [r4, #8]
  95 003a FFF7FEFF 		bl	_ZN7daisysp2PD12CalcPhaseIncEf
  96 003e 84ED060A 		vstr.32	s0, [r4, #24]
  97 0042 B8F1000F 		cmp	r8, #0
  98 0046 10D0     		beq	.L5
  99 0048 0024     		movs	r4, #0
 100              	.L7:
 101 004a 7568     		ldr	r5, [r6, #4]
 102 004c A700     		lsls	r7, r4, #2
 103 004e 0A48     		ldr	r0, .L13+8
 104 0050 FFF7FEFF 		bl	_ZN7daisysp2PD7ProcessEv
 105 0054 3368     		ldr	r3, [r6]
 106 0056 05EB8405 		add	r5, r5, r4, lsl #2
 107 005a 0134     		adds	r4, r4, #1
 108 005c 3B44     		add	r3, r3, r7
 109 005e A045     		cmp	r8, r4
 110 0060 85ED000A 		vstr.32	s0, [r5]
 111 0064 83ED000A 		vstr.32	s0, [r3]
 112 0068 EFD1     		bne	.L7
 113              	.L5:
 114 006a BDE8F081 		pop	{r4, r5, r6, r7, r8, pc}
 115              	.L14:
 116 006e 00BF     		.align	2
 117              	.L13:
 118 0070 00000000 		.word	.LANCHOR0
 119 0074 00008A42 		.word	1116340224
 120 0078 00000000 		.word	.LANCHOR1
 121 007c 0000DC43 		.word	1138491392
ARM GAS  C:\Users\ashgr\AppData\Local\Temp\ccfTAqOn.s 			page 3


 123              		.section	.text.startup.main,"ax",%progbits
 124              		.align	1
 125              		.p2align 2,,3
 126              		.global	main
 127              		.syntax unified
 128              		.thumb
 129              		.thumb_func
 130              		.fpu fpv5-d16
 132              	main:
 133              		@ args = 0, pretend = 0, frame = 32
 134              		@ frame_needed = 0, uses_anonymous_args = 0
 135 0000 2448     		ldr	r0, .L18
 136 0002 0021     		movs	r1, #0
 137 0004 70B5     		push	{r4, r5, r6, lr}
 138 0006 00F15C04 		add	r4, r0, #92
 139 000a 4FF07C56 		mov	r6, #1056964608
 140 000e 2DED028B 		vpush.64	{d8}
 141 0012 88B0     		sub	sp, sp, #32
 142 0014 DFED208A 		vldr.32	s17, .L18+4
 143 0018 FFF7FEFF 		bl	_ZN5daisy8DaisyPod4InitEb
 144 001c A4F15C00 		sub	r0, r4, #92
 145 0020 FFF7FEFF 		bl	_ZN5daisy8DaisyPod15AudioSampleRateEv
 146 0024 01AD     		add	r5, sp, #4
 147 0026 B0EE408A 		vmov.f32	s16, s0
 148 002a DFED1C0A 		vldr.32	s1, .L18+8
 149 002e B0EE680A 		vmov.f32	s0, s17
 150 0032 0FCC     		ldmia	r4!, {r0, r1, r2, r3}
 151 0034 0FC5     		stmia	r5!, {r0, r1, r2, r3}
 152 0036 94E80700 		ldm	r4, {r0, r1, r2}
 153 003a 85E80700 		stm	r5, {r0, r1, r2}
 154 003e 01A9     		add	r1, sp, #4
 155 0040 0022     		movs	r2, #0
 156 0042 1748     		ldr	r0, .L18+12
 157 0044 FFF7FEFF 		bl	_ZN5daisy9Parameter4InitENS_13AnalogControlEffNS0_5CurveE
 158 0048 B7EE007A 		vmov.f32	s14, #1.0e+0
 159 004c 154D     		ldr	r5, .L18+16
 160 004e 9FED160A 		vldr.32	s0, .L18+20
 161 0052 C7EE087A 		vdiv.f32	s15, s14, s16
 162 0056 2846     		mov	r0, r5
 163 0058 85ED038A 		vstr.32	s16, [r5, #12]
 164 005c 85ED020A 		vstr.32	s0, [r5, #8]
 165 0060 6E60     		str	r6, [r5, #4]	@ float
 166 0062 C5ED058A 		vstr.32	s17, [r5, #20]
 167 0066 C5ED047A 		vstr.32	s15, [r5, #16]
 168 006a FFF7FEFF 		bl	_ZN7daisysp2PD12CalcPhaseIncEf
 169 006e 0023     		movs	r3, #0
 170 0070 A4F16C00 		sub	r0, r4, #108
 171 0074 6E60     		str	r6, [r5, #4]	@ float
 172 0076 2B70     		strb	r3, [r5]
 173 0078 40F20113 		movw	r3, #257
 174 007c 85ED060A 		vstr.32	s0, [r5, #24]
 175 0080 AB84     		strh	r3, [r5, #36]	@ movhi
 176 0082 FFF7FEFF 		bl	_ZN5daisy8DaisyPod8StartAdcEv
 177 0086 0949     		ldr	r1, .L18+24
 178 0088 A4F16C00 		sub	r0, r4, #108
 179 008c FFF7FEFF 		bl	_ZN5daisy8DaisyPod10StartAudioEPFvPPfS2_jE
 180              	.L16:
ARM GAS  C:\Users\ashgr\AppData\Local\Temp\ccfTAqOn.s 			page 4


 181 0090 FEE7     		b	.L16
 182              	.L19:
 183 0092 00BF     		.align	2
 184              	.L18:
 185 0094 00000000 		.word	.LANCHOR2
 186 0098 00000000 		.word	0
 187 009c 0000FE42 		.word	1123942400
 188 00a0 00000000 		.word	.LANCHOR0
 189 00a4 00000000 		.word	.LANCHOR1
 190 00a8 0000C842 		.word	1120403456
 191 00ac 00000000 		.word	_Z13AudioCallbackPPfS0_j
 193              		.section	.text.startup._GLOBAL__sub_I_pod,"ax",%progbits
 194              		.align	1
 195              		.p2align 2,,3
 196              		.syntax unified
 197              		.thumb
 198              		.thumb_func
 199              		.fpu fpv5-d16
 201              	_GLOBAL__sub_I_pod:
 202              		@ args = 0, pretend = 0, frame = 0
 203              		@ frame_needed = 0, uses_anonymous_args = 0
 204 0000 08B5     		push	{r3, lr}
 205 0002 0C48     		ldr	r0, .L22
 206 0004 0023     		movs	r3, #0
 207 0006 0C4A     		ldr	r2, .L22+4
 208 0008 4361     		str	r3, [r0, #20]
 209 000a 0C49     		ldr	r1, .L22+8
 210 000c FFF7FEFF 		bl	__aeabi_atexit
 211 0010 0B49     		ldr	r1, .L22+12
 212 0012 094A     		ldr	r2, .L22+4
 213 0014 0B48     		ldr	r0, .L22+16
 214 0016 FFF7FEFF 		bl	__aeabi_atexit
 215 001a 074A     		ldr	r2, .L22+4
 216 001c 0849     		ldr	r1, .L22+12
 217 001e 0A48     		ldr	r0, .L22+20
 218 0020 FFF7FEFF 		bl	__aeabi_atexit
 219 0024 044A     		ldr	r2, .L22+4
 220 0026 0949     		ldr	r1, .L22+24
 221 0028 0948     		ldr	r0, .L22+28
 222 002a BDE80840 		pop	{r3, lr}
 223 002e FFF7FEBF 		b	__aeabi_atexit
 224              	.L23:
 225 0032 00BF     		.align	2
 226              	.L22:
 227 0034 00000000 		.word	.LANCHOR2
 228 0038 00000000 		.word	__dso_handle
 229 003c 00000000 		.word	_ZN5daisy8DaisyPodD1Ev
 230 0040 00000000 		.word	_ZN7daisysp2PDD1Ev
 231 0044 00000000 		.word	.LANCHOR1
 232 0048 00000000 		.word	.LANCHOR3
 233 004c 00000000 		.word	_ZN5daisy9ParameterD1Ev
 234 0050 00000000 		.word	.LANCHOR0
 236              		.section	.init_array,"aw",%init_array
 237              		.align	2
 238 0000 00000000 		.word	_GLOBAL__sub_I_pod(target1)
 239              		.global	knob1Param
 240              		.global	osc2
ARM GAS  C:\Users\ashgr\AppData\Local\Temp\ccfTAqOn.s 			page 5


 241              		.global	pd1
 242              		.global	pod
 243              		.section	.bss.knob1Param,"aw",%nobits
 244              		.align	2
 245              		.set	.LANCHOR0,. + 0
 248              	knob1Param:
 249 0000 00000000 		.space	52
 249      00000000 
 249      00000000 
 249      00000000 
 249      00000000 
 250              		.section	.bss.osc2,"aw",%nobits
 251              		.align	2
 252              		.set	.LANCHOR3,. + 0
 255              	osc2:
 256 0000 00000000 		.space	40
 256      00000000 
 256      00000000 
 256      00000000 
 256      00000000 
 257              		.section	.bss.pd1,"aw",%nobits
 258              		.align	2
 259              		.set	.LANCHOR1,. + 0
 262              	pd1:
 263 0000 00000000 		.space	40
 263      00000000 
 263      00000000 
 263      00000000 
 263      00000000 
 264              		.section	.bss.pod,"aw",%nobits
 265              		.align	2
 266              		.set	.LANCHOR2,. + 0
 269              	pod:
 270 0000 00000000 		.space	364
 270      00000000 
 270      00000000 
 270      00000000 
 270      00000000 
 271              		.hidden	__dso_handle
 272              		.ident	"GCC: (GNU Arm Embedded Toolchain 10-2020-q4-major) 10.2.1 20201103 (release)"
ARM GAS  C:\Users\ashgr\AppData\Local\Temp\ccfTAqOn.s 			page 6


DEFINED SYMBOLS
                            *ABS*:00000000 phase-casserole.cpp
C:\Users\ashgr\AppData\Local\Temp\ccfTAqOn.s:15     .text._ZN5daisy9ParameterD2Ev:00000000 $t
C:\Users\ashgr\AppData\Local\Temp\ccfTAqOn.s:24     .text._ZN5daisy9ParameterD2Ev:00000000 _ZN5daisy9ParameterD2Ev
C:\Users\ashgr\AppData\Local\Temp\ccfTAqOn.s:24     .text._ZN5daisy9ParameterD2Ev:00000000 _ZN5daisy9ParameterD1Ev
C:\Users\ashgr\AppData\Local\Temp\ccfTAqOn.s:33     .text._ZN5daisy8DaisyPodD2Ev:00000000 $t
C:\Users\ashgr\AppData\Local\Temp\ccfTAqOn.s:41     .text._ZN5daisy8DaisyPodD2Ev:00000000 _ZN5daisy8DaisyPodD2Ev
C:\Users\ashgr\AppData\Local\Temp\ccfTAqOn.s:41     .text._ZN5daisy8DaisyPodD2Ev:00000000 _ZN5daisy8DaisyPodD1Ev
C:\Users\ashgr\AppData\Local\Temp\ccfTAqOn.s:50     .text._ZN7daisysp2PDD2Ev:00000000 $t
C:\Users\ashgr\AppData\Local\Temp\ccfTAqOn.s:58     .text._ZN7daisysp2PDD2Ev:00000000 _ZN7daisysp2PDD2Ev
C:\Users\ashgr\AppData\Local\Temp\ccfTAqOn.s:58     .text._ZN7daisysp2PDD2Ev:00000000 _ZN7daisysp2PDD1Ev
C:\Users\ashgr\AppData\Local\Temp\ccfTAqOn.s:67     .text._Z13AudioCallbackPPfS0_j:00000000 $t
C:\Users\ashgr\AppData\Local\Temp\ccfTAqOn.s:75     .text._Z13AudioCallbackPPfS0_j:00000000 _Z13AudioCallbackPPfS0_j
C:\Users\ashgr\AppData\Local\Temp\ccfTAqOn.s:118    .text._Z13AudioCallbackPPfS0_j:00000070 $d
C:\Users\ashgr\AppData\Local\Temp\ccfTAqOn.s:124    .text.startup.main:00000000 $t
C:\Users\ashgr\AppData\Local\Temp\ccfTAqOn.s:132    .text.startup.main:00000000 main
C:\Users\ashgr\AppData\Local\Temp\ccfTAqOn.s:185    .text.startup.main:00000094 $d
C:\Users\ashgr\AppData\Local\Temp\ccfTAqOn.s:194    .text.startup._GLOBAL__sub_I_pod:00000000 $t
C:\Users\ashgr\AppData\Local\Temp\ccfTAqOn.s:201    .text.startup._GLOBAL__sub_I_pod:00000000 _GLOBAL__sub_I_pod
C:\Users\ashgr\AppData\Local\Temp\ccfTAqOn.s:227    .text.startup._GLOBAL__sub_I_pod:00000034 $d
C:\Users\ashgr\AppData\Local\Temp\ccfTAqOn.s:237    .init_array:00000000 $d
C:\Users\ashgr\AppData\Local\Temp\ccfTAqOn.s:248    .bss.knob1Param:00000000 knob1Param
C:\Users\ashgr\AppData\Local\Temp\ccfTAqOn.s:255    .bss.osc2:00000000 osc2
C:\Users\ashgr\AppData\Local\Temp\ccfTAqOn.s:262    .bss.pd1:00000000 pd1
C:\Users\ashgr\AppData\Local\Temp\ccfTAqOn.s:269    .bss.pod:00000000 pod
C:\Users\ashgr\AppData\Local\Temp\ccfTAqOn.s:244    .bss.knob1Param:00000000 $d
C:\Users\ashgr\AppData\Local\Temp\ccfTAqOn.s:251    .bss.osc2:00000000 $d
C:\Users\ashgr\AppData\Local\Temp\ccfTAqOn.s:258    .bss.pd1:00000000 $d
C:\Users\ashgr\AppData\Local\Temp\ccfTAqOn.s:265    .bss.pod:00000000 $d
                           .group:00000000 _ZN5daisy9ParameterD5Ev
                           .group:00000000 _ZN5daisy8DaisyPodD5Ev
                           .group:00000000 _ZN7daisysp2PDD5Ev

UNDEFINED SYMBOLS
_ZN5daisy9Parameter7ProcessEv
powf
_ZN7daisysp2PD12CalcPhaseIncEf
_ZN7daisysp2PD7ProcessEv
_ZN5daisy8DaisyPod4InitEb
_ZN5daisy8DaisyPod15AudioSampleRateEv
_ZN5daisy9Parameter4InitENS_13AnalogControlEffNS0_5CurveE
_ZN5daisy8DaisyPod8StartAdcEv
_ZN5daisy8DaisyPod10StartAudioEPFvPPfS2_jE
__aeabi_atexit
__dso_handle
